 ** Message System Log
 ** Database: 
 ** Date:   Sun Mar 10 21:38:42 2019


****************
Macro Parameters
****************

Name                            : IIC_FIFO
Family                          : PA3LC
Output Format                   : VERILOG
Type                            : FIFO
Write Enable                    : Active Low
Read Clock                      : Rising
Write Clock                     : Rising
Reset                           : Active Low
Read Enable                     : Active Low
Write Depth                     : 128
Write Width                     : 8
Read Depth                      : 128
Read Width                      : 8
Almost Full                     : 4
Almost Empty                    : 1
Flags                           : Static
AFFlag Units                    : Write Words
AEFlag Units                    : Read Words
Read Pipe Mode1                 : No Pipe
Count Read After Empty          : No
Count Write After Full          : No
Portname DataIn                 : DATA
Portname DataOut                : Q
Portname AE Port                : AEVAL
Portname AF Port                : AFVAL
Portname Write En               : WE
Portname Read En                : RE
Portname WClock                 : WCLOCK
Portname RClock                 : RCLOCK
Portname AE Flag                : AEMPTY
Portname AF Flag                : AFULL
Portname Full Flag              : FULL
Portname Empty Flag             : EMPTY
Portname Reset                  : RESET


Cascade Configuration:
     Block configuration        : 512x9
     Number of blocks depth wise: 1
     Number of blocks width wise: 1

**************
Compile Report
**************


Netlist Resource Report
=======================

    CORE                       Used:      1  Total:  24576   (0.00%)
    IO (W/ clocks)             Used:      0  Total:    154   (0.00%)
    Differential IO            Used:      0  Total:     35   (0.00%)
    GLOBAL (Chip+Quadrant)     Used:      0  Total:     18   (0.00%)
    PLL                        Used:      0  Total:      1   (0.00%)
    RAM/FIFO                   Used:      1  Total:     32   (3.13%)
    Low Static ICC             Used:      0  Total:      1   (0.00%)
    FlashROM                   Used:      0  Total:      1   (0.00%)
    User JTAG                  Used:      0  Total:      1   (0.00%)

Wrote Verilog netlist to D:/FPGA/a3p1000_INA220/smartgen\IIC_FIFO\IIC_FIFO.v.

 ** Log Ended:   Sun Mar 10 21:38:43 2019

