Target Part: A3P1000_PQFP208_STD
Report for cell myUART.verilog
  Core Cell usage:
              cell count     area count*area
               AO1     4      1.0        4.0
              AO17     1      1.0        1.0
              AO1A     5      1.0        5.0
              AO1D     2      1.0        2.0
              AOI1     6      1.0        6.0
              AX1A     1      1.0        1.0
              AX1C     1      1.0        1.0
             AXOI4     1      1.0        1.0
             AXOI5     1      1.0        1.0
               GND     9      0.0        0.0
               INV     6      1.0        6.0
              MIN3     1      1.0        1.0
               MX2    28      1.0       28.0
              MX2A     1      1.0        1.0
              NOR2    12      1.0       12.0
             NOR2A    30      1.0       30.0
             NOR2B    20      1.0       20.0
              NOR3     7      1.0        7.0
             NOR3A    22      1.0       22.0
             NOR3B    13      1.0       13.0
             NOR3C     7      1.0        7.0
               OA1     6      1.0        6.0
              OA1A     2      1.0        2.0
              OA1B     3      1.0        3.0
              OA1C     2      1.0        2.0
               OR2    11      1.0       11.0
              OR2A     4      1.0        4.0
              OR2B     6      1.0        6.0
               OR3    20      1.0       20.0
              OR3B     1      1.0        1.0
              OR3C     1      1.0        1.0
               VCC     9      0.0        0.0
               XA1     1      1.0        1.0
              XA1B     1      1.0        1.0
              XA1C     7      1.0        7.0
             XNOR2    13      1.0       13.0
               XO1     2      1.0        2.0
              XOR2    10      1.0       10.0


          DFI1E0P0     1      1.0        1.0
              DFN1    16      1.0       16.0
            DFN1C0    36      1.0       36.0
          DFN1E0C0    17      1.0       17.0
          DFN1E0P0     2      1.0        2.0
          DFN1E1C0    42      1.0       42.0
          DFN1E1P0     5      1.0        5.0
            DFN1P0     4      1.0        4.0
          FIFO4K18     2      0.0        0.0
                   -----          ----------
             TOTAL   402               382.0


  IO Cell usage:
              cell count
            CLKBUF     2
             INBUF    31
            OUTBUF    14
                   -----
             TOTAL    47


Core Cells         : 382 of 24576 (2%)
IO Cells           : 47

  RAM/ROM Usage Summary
Block Rams : 2 of 32 (6%)

