Target Part: A3P1000_PQFP208_STD
Report for cell top_0.verilog
  Core Cell usage:
              cell count     area count*area
              AND2     7      1.0        7.0
              AND3    32      1.0       32.0
               AO1     2      1.0        2.0
              AO1C     2      1.0        2.0
              AOI1    11      1.0       11.0
             AOI1B     9      1.0        9.0
              AX1A     4      1.0        4.0
              AX1B    16      1.0       16.0
              AX1C     3      1.0        3.0
              AX1D     2      1.0        2.0
              AX1E     2      1.0        2.0
             AXOI4     2      1.0        2.0
             AXOI5     2      1.0        2.0
               GND    20      0.0        0.0
               INV    12      1.0       12.0
              MIN3     2      1.0        2.0
               MX2     6      1.0        6.0
              MX2A     4      1.0        4.0
              MX2B     2      1.0        2.0
              MX2C    16      1.0       16.0
              NOR2    16      1.0       16.0
             NOR2A    46      1.0       46.0
             NOR2B    64      1.0       64.0
              NOR3     3      1.0        3.0
             NOR3A    12      1.0       12.0
             NOR3B     5      1.0        5.0
             NOR3C    15      1.0       15.0
               OA1     2      1.0        2.0
              OA1B     2      1.0        2.0
              OA1C     2      1.0        2.0
               OR2    14      1.0       14.0
              OR2A     6      1.0        6.0
              OR2B     4      1.0        4.0
               OR3     8      1.0        8.0
              OR3A     4      1.0        4.0
              OR3C     4      1.0        4.0
               VCC    20      0.0        0.0
               XA1     8      1.0        8.0
              XA1B     2      1.0        2.0
              XA1C     4      1.0        4.0
             XNOR2     2      1.0        2.0
              XO1A     2      1.0        2.0
              XOR2    37      1.0       37.0


          DFI1E0P0     2      1.0        2.0
              DFN1    32      1.0       32.0
            DFN1C0   115      1.0      115.0
          DFN1E0C0    16      1.0       16.0
          DFN1E0P0     4      1.0        4.0
          DFN1E1C0    92      1.0       92.0
          DFN1E1P0     6      1.0        6.0
            DFN1P0    12      1.0       12.0
          FIFO4K18     4      0.0        0.0
                   -----          ----------
             TOTAL   721               677.0


  IO Cell usage:
              cell count
            CLKBUF     2
             INBUF     4
            OUTBUF     6
                   -----
             TOTAL    12


Core Cells         : 677 of 24576 (3%)
IO Cells           : 12

  RAM/ROM Usage Summary
Block Rams : 4 of 32 (12%)

