
Starting:    D:\Microsemi\Libero_SoC_v11.9\SynplifyPro\bin64\mbin\synbatch.exe
Install:     D:\Microsemi\Libero_SoC_v11.9\SynplifyPro
Hostname:    YOGA
Date:        Tue Jul 16 18:25:29 2019
Version:     L-2016.09M-SP1-5

Arguments:   -product synplify_pro -licensetype synplifypro_actel -batch -log synplify.log Top_syn.tcl
ProductType: synplify_pro

License checkout: synplifypro_actel
License: synplifypro_actel node-locked 
Licensed Vendor: actel
License Option: actel_oem

Running in Vendor Mode


auto_infer_blackbox is not supported in current product.

log file: "D:\FPGA\a3p1000_MAGA\synthesis\Top.srr"

Running: synthesis in foreground



Running Top_syn|synthesis


Running: compile (Compile) on Top_syn|synthesis
# Tue Jul 16 18:25:29 2019


Running: compile_flow (Compile Process) on Top_syn|synthesis
# Tue Jul 16 18:25:29 2019


Running: compiler (Compile Input) on Top_syn|synthesis
# Tue Jul 16 18:25:29 2019

Copied D:\FPGA\a3p1000_MAGA\synthesis\synwork\Top_comp.srs to D:\FPGA\a3p1000_MAGA\synthesis\Top.srs


compiler completed
# Tue Jul 16 18:25:32 2019

Return Code: 0
Run Time:00h:00m:03s


Running: multi_srs_gen (Multi-srs Generator) on Top_syn|synthesis
# Tue Jul 16 18:25:32 2019


multi_srs_gen completed
# Tue Jul 16 18:25:32 2019

Return Code: 0
Run Time:00h:00m:00s

Copied D:\FPGA\a3p1000_MAGA\synthesis\synwork\Top_mult.srs to D:\FPGA\a3p1000_MAGA\synthesis\Top.srs

Complete: Compile Process on Top_syn|synthesis


Running: premap (Pre-mapping) on Top_syn|synthesis
# Tue Jul 16 18:25:32 2019


premap completed with warnings
# Tue Jul 16 18:25:33 2019

Return Code: 1
Run Time:00h:00m:01s

Complete: Compile on Top_syn|synthesis


Running: map (Map) on Top_syn|synthesis
# Tue Jul 16 18:25:33 2019

License granted for 4 parallel jobs


Running: fpga_mapper (Map & Optimize) on Top_syn|synthesis
# Tue Jul 16 18:25:33 2019

Copied D:\FPGA\a3p1000_MAGA\synthesis\synwork\Top_m.srm to D:\FPGA\a3p1000_MAGA\synthesis\Top.srm


fpga_mapper completed with warnings
# Tue Jul 16 18:25:35 2019

Return Code: 1
Run Time:00h:00m:02s

Complete: Map on Top_syn|synthesis

Complete: Logic Synthesis on Top_syn|synthesis

TCL script complete: "Top_syn.tcl"

exit status=0

exit status=0

License checkin: synplifypro_actel

