Target Part: A3P1000_PQFP208_STD
Report for cell tcl.verilog
  Core Cell usage:
              cell count     area count*area
              AND2    23      1.0       23.0
              AND3     3      1.0        3.0
               AO1   129      1.0      129.0
              AO1A    65      1.0       65.0
              AO1B     6      1.0        6.0
              AO1C     9      1.0        9.0
              AO1D    10      1.0       10.0
              AOI1    22      1.0       22.0
             AOI1B    21      1.0       21.0
              AX1C     1      1.0        1.0
              AXO2     1      1.0        1.0
              AXO6     1      1.0        1.0
             AXOI3     1      1.0        1.0
              BUFF     4      1.0        4.0
            CLKINT     3      0.0        0.0
               GND     1      0.0        0.0
               MX2    89      1.0       89.0
              MX2A     7      1.0        7.0
              MX2B    12      1.0       12.0
              MX2C    17      1.0       17.0
              NOR2    98      1.0       98.0
             NOR2A   286      1.0      286.0
             NOR2B   369      1.0      369.0
              NOR3    39      1.0       39.0
             NOR3A    97      1.0       97.0
             NOR3B   184      1.0      184.0
             NOR3C   136      1.0      136.0
               OA1    75      1.0       75.0
              OA1A    36      1.0       36.0
              OA1B    20      1.0       20.0
              OA1C    14      1.0       14.0
              OAI1     6      1.0        6.0
               OR2   145      1.0      145.0
              OR2A    45      1.0       45.0
              OR2B    12      1.0       12.0
               OR3   161      1.0      161.0
              OR3A    13      1.0       13.0
              OR3B     4      1.0        4.0
               VCC     1      0.0        0.0
               XA1     3      1.0        3.0
              XA1A     2      1.0        2.0
              XA1C     1      1.0        1.0
             XAI1A     1      1.0        1.0
             XNOR2     7      1.0        7.0
              XOR2    13      1.0       13.0


          DFN1E0C1    20      1.0       20.0
          DFN1E0P1     5      1.0        5.0
          DFN1E1C1    40      1.0       40.0
          DFN1E1P1     5      1.0        5.0
                   -----          ----------
             TOTAL  2263              2258.0


  IO Cell usage:
              cell count
            CLKBUF     2
             INBUF     8
            OUTBUF    26
                   -----
             TOTAL    36


Core Cells         : 2258 of 24576 (9%)
IO Cells           : 36

  RAM/ROM Usage Summary
Block Rams : 0 of 32 (0%)

