
Starting:    D:\Microsemi\Libero_SoC_v11.9\SynplifyPro\bin64\mbin\synbatch.exe
Install:     D:\Microsemi\Libero_SoC_v11.9\SynplifyPro
Hostname:    YOGA
Date:        Tue Apr 09 15:45:00 2019
Version:     L-2016.09M-SP1-5

Arguments:   -product synplify_pro -licensetype synplifypro_actel -batch -log synplify.log piu_top_syn.tcl
ProductType: synplify_pro

License checkout: synplifypro_actel
License: synplifypro_actel node-locked 
Licensed Vendor: actel
License Option: actel_oem

Running in Vendor Mode


auto_infer_blackbox is not supported in current product.

log file: "D:\FPGA\a3p1000_CAN\synthesis\piu_top.srr"

Running: synthesis in foreground



Running piu_top_syn|synthesis


Running: compile (Compile) on piu_top_syn|synthesis
# Tue Apr 09 15:45:00 2019


Running: compile_flow (Compile Process) on piu_top_syn|synthesis
# Tue Apr 09 15:45:00 2019


Running: compiler (Compile Input) on piu_top_syn|synthesis
# Tue Apr 09 15:45:00 2019

Copied D:\FPGA\a3p1000_CAN\synthesis\synwork\piu_top_comp.srs to D:\FPGA\a3p1000_CAN\synthesis\piu_top.srs


compiler completed
# Tue Apr 09 15:45:21 2019

Return Code: 0
Run Time:00h:00m:21s


Running: multi_srs_gen (Multi-srs Generator) on piu_top_syn|synthesis
# Tue Apr 09 15:45:21 2019


multi_srs_gen completed
# Tue Apr 09 15:45:22 2019

Return Code: 0
Run Time:00h:00m:01s

Copied D:\FPGA\a3p1000_CAN\synthesis\synwork\piu_top_mult.srs to D:\FPGA\a3p1000_CAN\synthesis\piu_top.srs

Complete: Compile Process on piu_top_syn|synthesis


Running: premap (Pre-mapping) on piu_top_syn|synthesis
# Tue Apr 09 15:45:22 2019


premap completed with warnings
# Tue Apr 09 15:45:23 2019

Return Code: 1
Run Time:00h:00m:01s

Complete: Compile on piu_top_syn|synthesis


Running: map (Map) on piu_top_syn|synthesis
# Tue Apr 09 15:45:23 2019

License granted for 4 parallel jobs


Running: fpga_mapper (Map & Optimize) on piu_top_syn|synthesis
# Tue Apr 09 15:45:23 2019

Copied D:\FPGA\a3p1000_CAN\synthesis\synwork\piu_top_m.srm to D:\FPGA\a3p1000_CAN\synthesis\piu_top.srm


fpga_mapper completed with warnings
# Tue Apr 09 15:46:41 2019

Return Code: 1
Run Time:00h:01m:18s

Complete: Map on piu_top_syn|synthesis

Complete: Logic Synthesis on piu_top_syn|synthesis

TCL script complete: "piu_top_syn.tcl"

exit status=0

exit status=0

License checkin: synplifypro_actel

