D:\Microsemi\Libero_SoC_v11.9\SynplifyPro\bin64\c_hdl.exe  -osyn  D:\FPGA\a3p1000_spi\synthesis\synwork\top_0_comp.srs  -top  top_0  -hdllog  D:\FPGA\a3p1000_spi\synthesis\synlog\top_0_compiler.srr  -encrypt  -mp  4  -verification_mode 0  -verilog  -prodtype  synplify_pro  -nram -fixsmult -divnmod   -I D:\FPGA\a3p1000_spi\synthesis\  -I D:\Microsemi\Libero_SoC_v11.9\SynplifyPro\lib   -v2001  -devicelib  D:\Microsemi\Libero_SoC_v11.9\SynplifyPro\lib\proasic\proasic3.v  -encrypt  -pro  -dmgen  D:\FPGA\a3p1000_spi\synthesis\dm  -ui -fid2 -ram -sharing on -ll 2000 -autosm  -lib work D:\FPGA\a3p1000_spi\hdl\SPI_master.v -lib work D:\FPGA\a3p1000_spi\hdl\UART_AD7606.v -lib work D:\FPGA\a3p1000_spi\smartgen\UART_fifo\UART_fifo.v -lib work D:\FPGA\a3p1000_spi\smartgen\clok\clok.v -lib work D:\FPGA\a3p1000_spi\smartgen\sp_fifo\sp_fifo.v -lib work D:\FPGA\a3p1000_spi\hdl\uart_rx.v -lib work D:\FPGA\a3p1000_spi\hdl\uart_tx.v -lib work D:\FPGA\a3p1000_spi\hdl\uart.v -lib COREAPB3_LIB D:\FPGA\a3p1000_spi\component\Actel\DirectCore\CoreAPB3\4.1.100\rtl\vlog\core_obfuscated\coreapb3_muxptob3.v -lib COREAPB3_LIB D:\FPGA\a3p1000_spi\component\Actel\DirectCore\CoreAPB3\4.1.100\rtl\vlog\core_obfuscated\coreapb3_iaddr_reg.v -lib COREAPB3_LIB D:\FPGA\a3p1000_spi\component\Actel\DirectCore\CoreAPB3\4.1.100\rtl\vlog\core_obfuscated\coreapb3.v -lib CORESPI_LIB D:\FPGA\a3p1000_spi\component\Actel\DirectCore\CORESPI\5.2.104\rtl\vlog\core\spi_clockmux.v -lib CORESPI_LIB D:\FPGA\a3p1000_spi\component\Actel\DirectCore\CORESPI\5.2.104\rtl\vlog\core\spi_chanctrl.v -lib CORESPI_LIB D:\FPGA\a3p1000_spi\component\Actel\DirectCore\CORESPI\5.2.104\rtl\vlog\core\spi_control.v -lib CORESPI_LIB D:\FPGA\a3p1000_spi\component\Actel\DirectCore\CORESPI\5.2.104\rtl\vlog\core\spi_fifo.v -lib CORESPI_LIB D:\FPGA\a3p1000_spi\component\Actel\DirectCore\CORESPI\5.2.104\rtl\vlog\core\spi_rf.v -lib CORESPI_LIB D:\FPGA\a3p1000_spi\component\Actel\DirectCore\CORESPI\5.2.104\rtl\vlog\core\spi.v -lib CORESPI_LIB D:\FPGA\a3p1000_spi\component\Actel\DirectCore\CORESPI\5.2.104\rtl\vlog\core\corespi.v -lib work D:\FPGA\a3p1000_spi\component\work\top_0\top_0.v 
relcom:..\..\..\..\Microsemi\Libero_SoC_v11.9\SynplifyPro\bin64\c_hdl.exe -osyn ..\synwork\top_0_comp.srs -top top_0 -hdllog ..\synlog\top_0_compiler.srr -encrypt -mp 4 -verification_mode 0 -verilog -prodtype synplify_pro -nram -fixsmult -divnmod -I ..\ -I ..\..\..\..\Microsemi\Libero_SoC_v11.9\SynplifyPro\lib -v2001 -devicelib ..\..\..\..\Microsemi\Libero_SoC_v11.9\SynplifyPro\lib\proasic\proasic3.v -encrypt -pro -dmgen ..\dm -ui -fid2 -ram -sharing on -ll 2000 -autosm -lib work ..\..\hdl\SPI_master.v -lib work ..\..\hdl\UART_AD7606.v -lib work ..\..\smartgen\UART_fifo\UART_fifo.v -lib work ..\..\smartgen\clok\clok.v -lib work ..\..\smartgen\sp_fifo\sp_fifo.v -lib work ..\..\hdl\uart_rx.v -lib work ..\..\hdl\uart_tx.v -lib work ..\..\hdl\uart.v -lib COREAPB3_LIB ..\..\component\Actel\DirectCore\CoreAPB3\4.1.100\rtl\vlog\core_obfuscated\coreapb3_muxptob3.v -lib COREAPB3_LIB ..\..\component\Actel\DirectCore\CoreAPB3\4.1.100\rtl\vlog\core_obfuscated\coreapb3_iaddr_reg.v -lib COREAPB3_LIB ..\..\component\Actel\DirectCore\CoreAPB3\4.1.100\rtl\vlog\core_obfuscated\coreapb3.v -lib CORESPI_LIB ..\..\component\Actel\DirectCore\CORESPI\5.2.104\rtl\vlog\core\spi_clockmux.v -lib CORESPI_LIB ..\..\component\Actel\DirectCore\CORESPI\5.2.104\rtl\vlog\core\spi_chanctrl.v -lib CORESPI_LIB ..\..\component\Actel\DirectCore\CORESPI\5.2.104\rtl\vlog\core\spi_control.v -lib CORESPI_LIB ..\..\component\Actel\DirectCore\CORESPI\5.2.104\rtl\vlog\core\spi_fifo.v -lib CORESPI_LIB ..\..\component\Actel\DirectCore\CORESPI\5.2.104\rtl\vlog\core\spi_rf.v -lib CORESPI_LIB ..\..\component\Actel\DirectCore\CORESPI\5.2.104\rtl\vlog\core\spi.v -lib CORESPI_LIB ..\..\component\Actel\DirectCore\CORESPI\5.2.104\rtl\vlog\core\corespi.v -lib work ..\..\component\work\top_0\top_0.v
rc:0 success:1 runtime:3
file:..\synwork\top_0_comp.srs|io:o|time:1575382571|size:77265|exec:0|csum:
file:..\synlog\top_0_compiler.srr|io:o|time:1575382571|size:55812|exec:0|csum:
file:..\..\..\..\Microsemi\Libero_SoC_v11.9\SynplifyPro\lib\proasic\proasic3.v|io:i|time:1508984288|size:49355|exec:0|csum:8134F444E2143EC94271A46B5CC33DA2
file:..\..\hdl\SPI_master.v|io:i|time:1564732100|size:5072|exec:0|csum:04F1B3C7D894E105C41AE7A7BEFDA658
file:..\..\hdl\UART_AD7606.v|io:i|time:1564732958|size:6081|exec:0|csum:1D1724492285EE541A159E9EE9F27A5D
file:..\..\smartgen\UART_fifo\UART_fifo.v|io:i|time:1564730774|size:15625|exec:0|csum:46CF12113D7AFCD89936F9494779E6ED
file:..\..\smartgen\clok\clok.v|io:i|time:1575381980|size:2646|exec:0|csum:6E83DD01C58CADEBBC881532521E522B
file:..\..\smartgen\sp_fifo\sp_fifo.v|io:i|time:1564730751|size:15621|exec:0|csum:C9385E093ADC8DA4AAFEF99CAD8C47E6
file:..\..\hdl\uart_rx.v|io:i|time:1562672517|size:4005|exec:0|csum:20178292AD0B494E73E68B0272F5C450
file:..\..\hdl\uart_tx.v|io:i|time:1562672517|size:3093|exec:0|csum:A2D597F9DCA84F0610D784485B208F81
file:..\..\hdl\uart.v|io:i|time:1562672597|size:2770|exec:0|csum:168E415C4136CC885450716F8C29A7D5
file:..\..\component\Actel\DirectCore\CoreAPB3\4.1.100\rtl\vlog\core_obfuscated\coreapb3_muxptob3.v|io:i|time:1550885796|size:6765|exec:0|csum:A83E99175C1B60926E5BFE85EABEB4FA
file:..\..\component\Actel\DirectCore\CoreAPB3\4.1.100\rtl\vlog\core_obfuscated\coreapb3_iaddr_reg.v|io:i|time:1550885796|size:3556|exec:0|csum:4CE44D2A5D56552999FB188A8D4F8C25
file:..\..\component\Actel\DirectCore\CoreAPB3\4.1.100\rtl\vlog\core_obfuscated\coreapb3.v|io:i|time:1550885796|size:32806|exec:0|csum:529DA0D00F3756EC81BB34CAF072E8C6
file:..\..\component\Actel\DirectCore\CORESPI\5.2.104\rtl\vlog\core\spi_clockmux.v|io:i|time:1549620820|size:1034|exec:0|csum:FC25B828F1C605A056EC4E4812789E88
file:..\..\component\Actel\DirectCore\CORESPI\5.2.104\rtl\vlog\core\spi_chanctrl.v|io:i|time:1549620820|size:42389|exec:0|csum:31D66CC4A71528E5F9E205E057E0BC89
file:..\..\component\Actel\DirectCore\CORESPI\5.2.104\rtl\vlog\core\spi_control.v|io:i|time:1549620820|size:3070|exec:0|csum:9D5EEC01F53A1BA3273595D5517CCEFD
file:..\..\component\Actel\DirectCore\CORESPI\5.2.104\rtl\vlog\core\spi_fifo.v|io:i|time:1549620820|size:6157|exec:0|csum:439E1905436D9E1E3E0EE0CCE51E591D
file:..\..\component\Actel\DirectCore\CORESPI\5.2.104\rtl\vlog\core\spi_rf.v|io:i|time:1549620820|size:9209|exec:0|csum:3DED261C7B5A58219D187355B75F29B4
file:..\..\component\Actel\DirectCore\CORESPI\5.2.104\rtl\vlog\core\spi.v|io:i|time:1549620820|size:13098|exec:0|csum:F93BE5BC8F21EF893115529F38194066
file:..\..\component\Actel\DirectCore\CORESPI\5.2.104\rtl\vlog\core\corespi.v|io:i|time:1549620820|size:4698|exec:0|csum:163E6491F1FC12907279ACE34BE710EA
file:..\..\component\work\top_0\top_0.v|io:i|time:1575382550|size:19956|exec:0|csum:7E20F63912282F0F71C6AFF5C9761C41
file:..\..\..\..\Microsemi\Libero_SoC_v11.9\SynplifyPro\bin\c_hdl.exe|io:i|time:1508986516|size:1338368|exec:1|csum:4BE9471CC8F1F34D3F79DD6F3C07C7F5
file:..\..\..\..\Microsemi\Libero_SoC_v11.9\SynplifyPro\bin64\c_hdl.exe|io:i|time:1508986724|size:1754112|exec:1|csum:0724D6BF71D325162DC071CC1383571C
