D:\Microsemi\Libero_SoC_v11.9\SynplifyPro\bin64\c_hdl.exe  -osyn  D:\FPGA\a3p1000_CAN\synthesis\synwork\piu_top_comp.srs  -top  work.piu_top  -hdllog  D:\FPGA\a3p1000_CAN\synthesis\synlog\piu_top_compiler.srr  -encrypt  -mp  4  -verification_mode 0  -vhdl  -prodtype  synplify_pro  -nram -fixsmult -divnmod  -encrypt  -pro  -dmgen  D:\FPGA\a3p1000_CAN\synthesis\dm  -lite -ui -fid2 -ram -sharing on -ll 2000 -autosm  -vhdl2008  -ignore_undefined_lib  -lib work D:\FPGA\a3p1000_CAN\hdl\hdl\AD_ACQ.vhd -lib work D:\FPGA\a3p1000_CAN\hdl\hdl\AD_Comp.vhd -lib work D:\FPGA\a3p1000_CAN\hdl\hdl\RST_IF.vhd -lib work D:\FPGA\a3p1000_CAN\hdl\hdl\can_if.vhd -lib work D:\FPGA\a3p1000_CAN\hdl\hdl\onoff.vhd -lib work D:\FPGA\a3p1000_CAN\hdl\hdl\mcu.vhd -lib work D:\FPGA\a3p1000_CAN\hdl\hdl\tick.vhd -lib work D:\FPGA\a3p1000_CAN\hdl\hdl\piu_top.vhd  -verilog  -prodtype  synplify_pro  -nram -fixsmult -divnmod   -I D:\FPGA\a3p1000_CAN\synthesis\  -I D:\Microsemi\Libero_SoC_v11.9\SynplifyPro\lib   -v2001  -devicelib  D:\Microsemi\Libero_SoC_v11.9\SynplifyPro\lib\proasic\proasic3.v  -encrypt  -pro  -dmgen  D:\FPGA\a3p1000_CAN\synthesis\dm  -ui -fid2 -ram -sharing on -ll 2000 -autosm  -lib work D:\FPGA\a3p1000_CAN\smartgen\RAM_128X12\RAM_128X12.v -lib work D:\FPGA\a3p1000_CAN\hdl\hdl\bsp.v -lib work D:\FPGA\a3p1000_CAN\hdl\hdl\btl_1ph_clk.v -lib work D:\FPGA\a3p1000_CAN\hdl\hdl\buf_13x8.v -lib work D:\FPGA\a3p1000_CAN\hdl\hdl\eml.v -lib work D:\FPGA\a3p1000_CAN\hdl\hdl\rx_buf_13x8.v -lib work D:\FPGA\a3p1000_CAN\hdl\hdl\rx_buffer.v -lib work D:\FPGA\a3p1000_CAN\hdl\hdl\status_buffer.v -lib work D:\FPGA\a3p1000_CAN\hdl\hdl\fifo_ctrl.v -lib work D:\FPGA\a3p1000_CAN\hdl\hdl\iml.v -lib work D:\FPGA\a3p1000_CAN\hdl\hdl\mm.v -lib work D:\FPGA\a3p1000_CAN\hdl\hdl\tcl.v -lib work D:\FPGA\a3p1000_CAN\hdl\hdl\can_core.v -lib work D:\FPGA\a3p1000_CAN\smartgen\RAM_1024B\RAM_1024B.v 
relcom:..\..\..\..\Microsemi\Libero_SoC_v11.9\SynplifyPro\bin64\c_hdl.exe -osyn ..\synwork\piu_top_comp.srs -top work.piu_top -hdllog ..\synlog\piu_top_compiler.srr -encrypt -mp 4 -verification_mode 0 -vhdl -prodtype synplify_pro -nram -fixsmult -divnmod -encrypt -pro -dmgen ..\dm -lite -ui -fid2 -ram -sharing on -ll 2000 -autosm -vhdl2008 -ignore_undefined_lib -lib work ..\..\hdl\hdl\AD_ACQ.vhd -lib work ..\..\hdl\hdl\AD_Comp.vhd -lib work ..\..\hdl\hdl\RST_IF.vhd -lib work ..\..\hdl\hdl\can_if.vhd -lib work ..\..\hdl\hdl\onoff.vhd -lib work ..\..\hdl\hdl\mcu.vhd -lib work ..\..\hdl\hdl\tick.vhd -lib work ..\..\hdl\hdl\piu_top.vhd -verilog -prodtype synplify_pro -nram -fixsmult -divnmod -I ..\ -I ..\..\..\..\Microsemi\Libero_SoC_v11.9\SynplifyPro\lib -v2001 -devicelib ..\..\..\..\Microsemi\Libero_SoC_v11.9\SynplifyPro\lib\proasic\proasic3.v -encrypt -pro -dmgen ..\dm -ui -fid2 -ram -sharing on -ll 2000 -autosm -lib work ..\..\smartgen\RAM_128X12\RAM_128X12.v -lib work ..\..\hdl\hdl\bsp.v -lib work ..\..\hdl\hdl\btl_1ph_clk.v -lib work ..\..\hdl\hdl\buf_13x8.v -lib work ..\..\hdl\hdl\eml.v -lib work ..\..\hdl\hdl\rx_buf_13x8.v -lib work ..\..\hdl\hdl\rx_buffer.v -lib work ..\..\hdl\hdl\status_buffer.v -lib work ..\..\hdl\hdl\fifo_ctrl.v -lib work ..\..\hdl\hdl\iml.v -lib work ..\..\hdl\hdl\mm.v -lib work ..\..\hdl\hdl\tcl.v -lib work ..\..\hdl\hdl\can_core.v -lib work ..\..\smartgen\RAM_1024B\RAM_1024B.v
rc:0 success:1 runtime:21
file:..\synwork\piu_top_comp.srs|io:o|time:1554795920|size:196680|exec:0|csum:
file:..\synlog\piu_top_compiler.srr|io:o|time:1554795920|size:25068|exec:0|csum:
file:..\..\hdl\hdl\AD_ACQ.vhd|io:i|time:1554795572|size:28998|exec:0|csum:BA9591B778AA9A66FEC742854D18FF12
file:..\..\hdl\hdl\AD_Comp.vhd|io:i|time:1554795572|size:7843|exec:0|csum:CA2F6E378734B5441ADF059A50D0E311
file:..\..\hdl\hdl\RST_IF.vhd|io:i|time:1554795572|size:1888|exec:0|csum:3BD22992C9759C38C87246E45CC22DCE
file:..\..\hdl\hdl\can_if.vhd|io:i|time:1554795572|size:4300|exec:0|csum:E806D4CBF29B3ED5E7D39979F3EF4D60
file:..\..\hdl\hdl\onoff.vhd|io:i|time:1554795572|size:1816|exec:0|csum:52995160112EAFF1BA7AF2EBCFC8D3BD
file:..\..\hdl\hdl\mcu.vhd|io:i|time:1554795572|size:102615|exec:0|csum:A1AA54D90B5C26E6B682D6D1DA0420F1
file:..\..\hdl\hdl\tick.vhd|io:i|time:1554795572|size:2606|exec:0|csum:014F4C3FF26D5864D72DA9EED861834C
file:..\..\hdl\hdl\piu_top.vhd|io:i|time:1554795572|size:24300|exec:0|csum:49BC597845FCD5A9A2072C08BC14588E
file:..\..\..\..\Microsemi\Libero_SoC_v11.9\SynplifyPro\lib\proasic\proasic3.v|io:i|time:1508984288|size:49355|exec:0|csum:8134F444E2143EC94271A46B5CC33DA2
file:..\..\smartgen\RAM_128X12\RAM_128X12.v|io:i|time:1554795714|size:2532|exec:0|csum:2C104622F17F2294398120B99FEDBF74
file:..\..\hdl\hdl\bsp.v|io:i|time:1554795572|size:3964|exec:0|csum:312EDD24C104AC823CB1743508D0E1C4
file:..\..\hdl\hdl\btl_1ph_clk.v|io:i|time:1554795572|size:16115|exec:0|csum:86714730BA0D4FAA87A5336F1C9B1FDB
file:..\..\hdl\hdl\buf_13x8.v|io:i|time:1554795572|size:2684|exec:0|csum:8A4AFA368AFF0DD284AA5F92303C3DF1
file:..\..\hdl\hdl\eml.v|io:i|time:1554795572|size:5583|exec:0|csum:96A63B446E29FA0A039A3C9CDEC193B7
file:..\..\hdl\hdl\rx_buf_13x8.v|io:i|time:1554795572|size:3635|exec:0|csum:D598E053353ADDD21D4D9E9763D9C0FF
file:..\..\hdl\hdl\rx_buffer.v|io:i|time:1554795572|size:3958|exec:0|csum:D0B4551B76A3F7E88C1FFB12F0C3C811
file:..\..\hdl\hdl\status_buffer.v|io:i|time:1554795572|size:2461|exec:0|csum:ACDE91CCD693297659BBEF4C03CBF111
file:..\..\hdl\hdl\fifo_ctrl.v|io:i|time:1554795572|size:8037|exec:0|csum:A29540C25A0466E6DD26F27B1D9DE4E9
file:..\..\hdl\hdl\iml.v|io:i|time:1554795572|size:26058|exec:0|csum:C24997C713A7F276D38272FC89743CF0
file:..\..\hdl\hdl\mm.v|io:i|time:1554795572|size:12539|exec:0|csum:00D0E781441B1B4FCC59D169D3D98A64
file:..\..\hdl\hdl\tcl.v|io:i|time:1554795572|size:105737|exec:0|csum:EAB99F65367B0751D00345CA0ACCA6DA
file:..\..\hdl\hdl\can_core.v|io:i|time:1554795572|size:17218|exec:0|csum:71829DAEF913F579009F9CF015514F1F
file:..\..\smartgen\RAM_1024B\RAM_1024B.v|io:i|time:1554795778|size:4077|exec:0|csum:EA9AA04F849A76E9C9171007338B0D37
file:..\..\..\..\Microsemi\Libero_SoC_v11.9\SynplifyPro\bin\c_hdl.exe|io:i|time:1508986516|size:1338368|exec:1|csum:4BE9471CC8F1F34D3F79DD6F3C07C7F5
file:..\..\..\..\Microsemi\Libero_SoC_v11.9\SynplifyPro\bin64\c_hdl.exe|io:i|time:1508986724|size:1754112|exec:1|csum:0724D6BF71D325162DC071CC1383571C
