Target Part: A3P1000_PQFP208_STD
Report for cell Top_0.verilog
  Core Cell usage:
              cell count     area count*area
               AO1     1      1.0        1.0
              AO1C     1      1.0        1.0
              AOI1     5      1.0        5.0
              AX1A     2      1.0        2.0
              AX1B     8      1.0        8.0
              AX1C     1      1.0        1.0
              AX1D     1      1.0        1.0
              AX1E     1      1.0        1.0
             AXOI4     1      1.0        1.0
             AXOI5     1      1.0        1.0
               GND    10      0.0        0.0
               INV     6      1.0        6.0
              MIN3     1      1.0        1.0
               MX2     3      1.0        3.0
              MX2A     2      1.0        2.0
              MX2B     1      1.0        1.0
              MX2C     8      1.0        8.0
              NOR2     7      1.0        7.0
             NOR2A    19      1.0       19.0
             NOR2B    22      1.0       22.0
              NOR3     1      1.0        1.0
             NOR3A     5      1.0        5.0
             NOR3B     2      1.0        2.0
             NOR3C     5      1.0        5.0
               OA1     2      1.0        2.0
              OA1B     1      1.0        1.0
              OA1C     1      1.0        1.0
               OR2     7      1.0        7.0
              OR2A     3      1.0        3.0
              OR2B     3      1.0        3.0
               OR3     6      1.0        6.0
              OR3A     2      1.0        2.0
              OR3C     2      1.0        2.0
               VCC    10      0.0        0.0
               XA1     3      1.0        3.0
              XA1B     1      1.0        1.0
              XA1C     2      1.0        2.0
             XNOR2     1      1.0        1.0
               XO1     2      1.0        2.0
              XO1A     1      1.0        1.0
              XOR2    13      1.0       13.0


          DFI1E0P0     1      1.0        1.0
              DFN1     8      1.0        8.0
            DFN1C0    36      1.0       36.0
          DFN1E0P0     2      1.0        2.0
          DFN1E1C0    46      1.0       46.0
          DFN1E1P0     3      1.0        3.0
            DFN1P0     6      1.0        6.0
          FIFO4K18     2      0.0        0.0
                   -----          ----------
             TOTAL   278               256.0


  IO Cell usage:
              cell count
            CLKBUF     2
             INBUF     9
            OUTBUF     3
           TRIBUFF     2
                   -----
             TOTAL    16


Core Cells         : 256 of 24576 (1%)
IO Cells           : 16

  RAM/ROM Usage Summary
Block Rams : 2 of 32 (6%)

