
Starting:    D:\Microsemi\Libero_SoC_v11.9\SynplifyPro\bin64\mbin\synbatch.exe
Install:     D:\Microsemi\Libero_SoC_v11.9\SynplifyPro
Hostname:    YOGA
Date:        Fri Mar 08 16:09:17 2019
Version:     L-2016.09M-SP1-5

Arguments:   -product synplify_pro -licensetype synplifypro_actel -batch -log synplify.log top_0_syn.tcl
ProductType: synplify_pro

License checkout: synplifypro_actel
License: synplifypro_actel node-locked 
Licensed Vendor: actel
License Option: actel_oem

Running in Vendor Mode


auto_infer_blackbox is not supported in current product.

log file: "D:\FPGA\a3p1000_i2c\synthesis\top_0.srr"

Running: synthesis in foreground



Running top_0_syn|synthesis


Running: compile (Compile) on top_0_syn|synthesis
# Fri Mar 08 16:09:17 2019


Running: compile_flow (Compile Process) on top_0_syn|synthesis
# Fri Mar 08 16:09:17 2019


Running: compiler (Compile Input) on top_0_syn|synthesis
# Fri Mar 08 16:09:17 2019

Copied D:\FPGA\a3p1000_i2c\synthesis\synwork\top_0_comp.srs to D:\FPGA\a3p1000_i2c\synthesis\top_0.srs


compiler completed
# Fri Mar 08 16:09:20 2019

Return Code: 0
Run Time:00h:00m:03s


Running: multi_srs_gen (Multi-srs Generator) on top_0_syn|synthesis
# Fri Mar 08 16:09:20 2019


multi_srs_gen completed
# Fri Mar 08 16:09:21 2019

Return Code: 0
Run Time:00h:00m:01s

Copied D:\FPGA\a3p1000_i2c\synthesis\synwork\top_0_mult.srs to D:\FPGA\a3p1000_i2c\synthesis\top_0.srs

Complete: Compile Process on top_0_syn|synthesis


Running: premap (Pre-mapping) on top_0_syn|synthesis
# Fri Mar 08 16:09:21 2019


premap completed with warnings
# Fri Mar 08 16:09:22 2019

Return Code: 1
Run Time:00h:00m:01s

Complete: Compile on top_0_syn|synthesis


Running: map (Map) on top_0_syn|synthesis
# Fri Mar 08 16:09:22 2019

License granted for 4 parallel jobs


Running: fpga_mapper (Map & Optimize) on top_0_syn|synthesis
# Fri Mar 08 16:09:22 2019

Copied D:\FPGA\a3p1000_i2c\synthesis\synwork\top_0_m.srm to D:\FPGA\a3p1000_i2c\synthesis\top_0.srm


fpga_mapper completed with warnings
# Fri Mar 08 16:09:32 2019

Return Code: 1
Run Time:00h:00m:10s

Complete: Map on top_0_syn|synthesis

Complete: Logic Synthesis on top_0_syn|synthesis

TCL script complete: "top_0_syn.tcl"

exit status=0

exit status=0

License checkin: synplifypro_actel

