Target Part: A3P1000_PQFP208_STD
Report for cell My_spi.verilog
  Core Cell usage:
              cell count     area count*area
              AND2     5      1.0        5.0
              AND3     6      1.0        6.0
               AO1    15      1.0       15.0
              AO1A    10      1.0       10.0
              AO1B     1      1.0        1.0
              AO1C     5      1.0        5.0
              AO1D     1      1.0        1.0
              AOI1     4      1.0        4.0
             AOI1B     3      1.0        3.0
              AX1B     1      1.0        1.0
              AX1C     1      1.0        1.0
              AXO7     1      1.0        1.0
             AXOI7     1      1.0        1.0
               GND     9      0.0        0.0
               INV    10      1.0       10.0
               MX2    75      1.0       75.0
              MX2A     2      1.0        2.0
              MX2B     2      1.0        2.0
              MX2C     1      1.0        1.0
              NOR2    19      1.0       19.0
             NOR2A    42      1.0       42.0
             NOR2B    81      1.0       81.0
              NOR3     7      1.0        7.0
             NOR3A    17      1.0       17.0
             NOR3B    40      1.0       40.0
             NOR3C    27      1.0       27.0
               OA1     9      1.0        9.0
              OA1A     4      1.0        4.0
              OA1B    11      1.0       11.0
              OA1C     2      1.0        2.0
               OR2    23      1.0       23.0
              OR2A     7      1.0        7.0
              OR2B     4      1.0        4.0
               OR3    30      1.0       30.0
              OR3A    11      1.0       11.0
              OR3B     4      1.0        4.0
              OR3C     1      1.0        1.0
               VCC     9      0.0        0.0
               XA1    16      1.0       16.0
              XA1B     1      1.0        1.0
              XA1C     2      1.0        2.0
             XNOR2    13      1.0       13.0
               XO1     2      1.0        2.0
              XO1A     2      1.0        2.0
              XOR2    30      1.0       30.0
              XOR3     2      1.0        2.0


            DFN1C0    85      1.0       85.0
            DFN1C1     6      1.0        6.0
          DFN1E0C0     6      1.0        6.0
          DFN1E0C1     4      1.0        4.0
            DFN1E1    40      1.0       40.0
          DFN1E1C0    46      1.0       46.0
          DFN1E1C1    13      1.0       13.0
          DFN1E1P0     9      1.0        9.0
          DFN1E1P1     1      1.0        1.0
            DFN1P0    17      1.0       17.0
                   -----          ----------
             TOTAL   796               778.0


  IO Cell usage:
              cell count
            CLKBUF     2
             INBUF    19
            OUTBUF    25
                   -----
             TOTAL    46


Core Cells         : 778 of 24576 (3%)
IO Cells           : 46

  RAM/ROM Usage Summary
Block Rams : 0 of 32 (0%)

