Microsemi Libero Software
Version: 11.9.2.1
Release: v11.9 SP2

'IDE_DESIGNERVIEW_ROOTDIR' set to 'D:\FPGA\a3p1000\designer'
Info: The design top_0.adb was last modified by software version 11.9.2.1.
Opened an existing Libero design top_0.adb.

The Execute Script command succeeded ( 00:00:17 )
Checking for software updates...
Info: The software cannot reach the Microsemi SoC server to confirm the version you are running.
      Visit
      http://www.microsemi.com/products/fpga-soc/design-resources/design-software/libero-soc#do\
      wnloads to download the latest major release or service pack.
      You can check the version of your current installation by starting the tool and selecting
      Help -> About.
Design saved to file D:\FPGA\a3p1000\designer\impl1\top_0.adb.
Wrote pin report to file: D:\FPGA\a3p1000\designer\impl1\top_0_report_pin_byname.txt

The Report command succeeded ( 00:00:01 )
Wrote pin report to file: D:\FPGA\a3p1000\designer\impl1\top_0_report_pin_bynumber.txt

The Report command succeeded ( 00:00:01 )

The Execute Script command succeeded ( 00:00:02 )
Design closed.

